<?xml version="1.0" encoding="UTF-8"?>
<testsuite xmlns:xsi="http://www.w3.org/2001/XMLSchema-instance" xsi:noNamespaceSchemaLocation="https://maven.apache.org/surefire/maven-surefire-plugin/xsd/surefire-test-report.xsd" name="it.intorbida.exam.EsameNegativeTest" time="0.028" tests="3" errors="0" skipped="0" failures="0">
  <properties>
    <property name="sun.desktop" value="windows"/>
    <property name="awt.toolkit" value="sun.awt.windows.WToolkit"/>
    <property name="file.encoding.pkg" value="sun.io"/>
    <property name="java.specification.version" value="1.8"/>
    <property name="sun.cpu.isalist" value="amd64"/>
    <property name="sun.jnu.encoding" value="Cp1252"/>
    <property name="java.class.path" value="C:\alfaworkspaces\collection_eclipse-jee-2023-03-R\workspace_v2_to_v3\exam\target\test-classes;C:\alfaworkspaces\collection_eclipse-jee-2023-03-R\workspace_v2_to_v3\exam\target\classes;C:\alfadevtools\maven\.m2\repository\junit\junit\4.11\junit-4.11.jar;C:\alfadevtools\maven\.m2\repository\org\hamcrest\hamcrest-core\1.3\hamcrest-core-1.3.jar;"/>
    <property name="java.vm.vendor" value="Oracle Corporation"/>
    <property name="sun.arch.data.model" value="64"/>
    <property name="user.variant" value=""/>
    <property name="java.vendor.url" value="http://java.oracle.com/"/>
    <property name="user.timezone" value="Europe/Berlin"/>
    <property name="java.vm.specification.version" value="1.8"/>
    <property name="os.name" value="Windows 11"/>
    <property name="user.country" value="IT"/>
    <property name="sun.java.launcher" value="SUN_STANDARD"/>
    <property name="sun.boot.library.path" value="C:\alfadevtools\jdks\jdk1.8.0_381\jre\bin"/>
    <property name="sun.java.command" value="C:\Users\CB76F~1.VER\AppData\Local\Temp\surefire4429944030234554792\surefirebooter4892245948580390228.jar C:\Users\c.verdecchia\AppData\Local\Temp\surefire4429944030234554792 2024-04-22T15-33-57_408-jvmRun1 surefire2346699742423417099tmp surefire_02058709490327734370tmp"/>
    <property name="surefire.test.class.path" value="C:\alfaworkspaces\collection_eclipse-jee-2023-03-R\workspace_v2_to_v3\exam\target\test-classes;C:\alfaworkspaces\collection_eclipse-jee-2023-03-R\workspace_v2_to_v3\exam\target\classes;C:\alfadevtools\maven\.m2\repository\junit\junit\4.11\junit-4.11.jar;C:\alfadevtools\maven\.m2\repository\org\hamcrest\hamcrest-core\1.3\hamcrest-core-1.3.jar;"/>
    <property name="sun.cpu.endian" value="little"/>
    <property name="user.home" value="C:\Users\c.verdecchia"/>
    <property name="user.language" value="it"/>
    <property name="java.specification.vendor" value="Oracle Corporation"/>
    <property name="java.home" value="C:\alfadevtools\jdks\jdk1.8.0_381\jre"/>
    <property name="basedir" value="C:\alfaworkspaces\collection_eclipse-jee-2023-03-R\workspace_v2_to_v3\exam"/>
    <property name="style.color" value="always"/>
    <property name="file.separator" value="\"/>
    <property name="line.separator" value="&#10;"/>
    <property name="java.vm.specification.vendor" value="Oracle Corporation"/>
    <property name="java.specification.name" value="Java Platform API Specification"/>
    <property name="java.awt.graphicsenv" value="sun.awt.Win32GraphicsEnvironment"/>
    <property name="surefire.real.class.path" value="C:\Users\CB76F~1.VER\AppData\Local\Temp\surefire4429944030234554792\surefirebooter4892245948580390228.jar"/>
    <property name="sun.boot.class.path" value="C:\alfadevtools\jdks\jdk1.8.0_381\jre\lib\resources.jar;C:\alfadevtools\jdks\jdk1.8.0_381\jre\lib\rt.jar;C:\alfadevtools\jdks\jdk1.8.0_381\jre\lib\jsse.jar;C:\alfadevtools\jdks\jdk1.8.0_381\jre\lib\jce.jar;C:\alfadevtools\jdks\jdk1.8.0_381\jre\lib\charsets.jar;C:\alfadevtools\jdks\jdk1.8.0_381\jre\lib\jfr.jar;C:\alfadevtools\jdks\jdk1.8.0_381\jre\classes"/>
    <property name="user.script" value=""/>
    <property name="sun.management.compiler" value="HotSpot 64-Bit Tiered Compilers"/>
    <property name="java.runtime.version" value="1.8.0_381-b09"/>
    <property name="user.name" value="c.verdecchia"/>
    <property name="path.separator" value=";"/>
    <property name="os.version" value="10.0"/>
    <property name="java.endorsed.dirs" value="C:\alfadevtools\jdks\jdk1.8.0_381\jre\lib\endorsed"/>
    <property name="java.runtime.name" value="Java(TM) SE Runtime Environment"/>
    <property name="file.encoding" value="Cp1252"/>
    <property name="java.vm.name" value="Java HotSpot(TM) 64-Bit Server VM"/>
    <property name="localRepository" value="C:\alfadevtools\maven\.m2\repository"/>
    <property name="java.vendor.url.bug" value="http://bugreport.sun.com/bugreport/"/>
    <property name="java.io.tmpdir" value="C:\Users\CB76F~1.VER\AppData\Local\Temp\"/>
    <property name="java.version" value="1.8.0_381"/>
    <property name="user.dir" value="C:\alfaworkspaces\collection_eclipse-jee-2023-03-R\workspace_v2_to_v3\exam"/>
    <property name="os.arch" value="amd64"/>
    <property name="java.vm.specification.name" value="Java Virtual Machine Specification"/>
    <property name="java.awt.printerjob" value="sun.awt.windows.WPrinterJob"/>
    <property name="sun.os.patch.level" value=""/>
    <property name="java.library.path" value="C:\alfadevtools\jdks\jdk1.8.0_381\jre\bin;C:\Windows\Sun\Java\bin;C:\Windows\system32;C:\Windows;C:/alfadevtools/ides/eclipse-jee-2023-03-R//plugins/org.eclipse.justj.openjdk.hotspot.jre.full.win32.x86_64_17.0.7.v20230425-1502/jre/bin/server;C:/alfadevtools/ides/eclipse-jee-2023-03-R//plugins/org.eclipse.justj.openjdk.hotspot.jre.full.win32.x86_64_17.0.7.v20230425-1502/jre/bin;C:\Windows\system32;C:\Windows;C:\Windows\System32\Wbem;C:\Windows\System32\WindowsPowerShell\v1.0\;C:\Windows\System32\OpenSSH\;C:\Program Files\TortoiseSVN\bin;C:\Program Files\Calibre2\;C:\Program Files\Docker\Docker\resources\bin;C:\Users\c.verdecchia\AppData\Local\Microsoft\WindowsApps;;C:\alfadevtools\ides\eclipse-jee-2023-03-R;;."/>
    <property name="java.vm.info" value="mixed mode"/>
    <property name="java.vendor" value="Oracle Corporation"/>
    <property name="java.vm.version" value="25.381-b09"/>
    <property name="java.specification.maintenance.version" value="5"/>
    <property name="java.ext.dirs" value="C:\alfadevtools\jdks\jdk1.8.0_381\jre\lib\ext;C:\Windows\Sun\Java\lib\ext"/>
    <property name="sun.io.unicode.encoding" value="UnicodeLittle"/>
    <property name="java.class.version" value="52.0"/>
  </properties>
  <testcase name="testEsameSostenutoVotoInvalido[0]" classname="it.intorbida.exam.EsameNegativeTest" time="0.004"/>
  <testcase name="testEsameSostenutoDataInvalida[0]" classname="it.intorbida.exam.EsameNegativeTest" time="0"/>
  <testcase name="testCostruttoreCFUInvalido[0]" classname="it.intorbida.exam.EsameNegativeTest" time="0"/>
</testsuite>